SimpleSuggestionProvider/app/build/outputs/logs/manifest-merger-debug-report.txt
-- Merging decision tree log ---
manifest
ADDED from src\main\AndroidManifest.xml:2:1-41:12
	package
		ADDED from src\main\AndroidManifest.xml:3:7-48
		INJECTED from src\main\AndroidManifest.xml
		INJECTED from src\main\AndroidManifest.xml
	android:versionName
		ADDED from src\main\AndroidManifest.xml:5:7-34
		INJECTED from src\main\AndroidManifest.xml
		INJECTED from src\main\AndroidManifest.xml
	android:versionCode
		ADDED from src\main\AndroidManifest.xml:4:7-30
		INJECTED from src\main\AndroidManifest.xml
		INJECTED from src\main\AndroidManifest.xml
	xmlns:android
		ADDED from src\main\AndroidManifest.xml:2:11-69
application
ADDED from src\main\AndroidManifest.xml:6:5-39:16
	android:label
		ADDED from src\main\AndroidManifest.xml:7:15-69
	android:icon
		ADDED from src\main\AndroidManifest.xml:6:18-47
activity#com.androidbook.search.simplesp.SimpleMainActivity
ADDED from src\main\AndroidManifest.xml:8:9-14:20
	android:label
		ADDED from src\main\AndroidManifest.xml:9:19-60
	android:name
		ADDED from src\main\AndroidManifest.xml:8:19-53
intent-filter#android.intent.action.MAIN+android.intent.category.LAUNCHER
ADDED from src\main\AndroidManifest.xml:10:13-13:29
action#android.intent.action.MAIN
ADDED from src\main\AndroidManifest.xml:11:17-69
	android:name
		ADDED from src\main\AndroidManifest.xml:11:25-66
category#android.intent.category.LAUNCHER
ADDED from src\main\AndroidManifest.xml:12:17-77
	android:name
		ADDED from src\main\AndroidManifest.xml:12:27-74
activity#com.androidbook.search.simplesp.SearchActivity
ADDED from src\main\AndroidManifest.xml:21:2-30:13
	android:label
		ADDED from src\main\AndroidManifest.xml:22:19-56
	android:launchMode
		ADDED from src\main\AndroidManifest.xml:23:19-49
	android:name
		ADDED from src\main\AndroidManifest.xml:21:12-42
intent-filter#android.intent.action.SEARCH+android.intent.category.DEFAULT
ADDED from src\main\AndroidManifest.xml:24:4-27:21
action#android.intent.action.SEARCH
ADDED from src\main\AndroidManifest.xml:25:8-62
	android:name
		ADDED from src\main\AndroidManifest.xml:25:16-59
category#android.intent.category.DEFAULT
ADDED from src\main\AndroidManifest.xml:26:8-67
	android:name
		ADDED from src\main\AndroidManifest.xml:26:18-64
meta-data#android.app.searchable
ADDED from src\main\AndroidManifest.xml:28:4-29:50
	android:resource
		ADDED from src\main\AndroidManifest.xml:29:13-47
	android:name
		ADDED from src\main\AndroidManifest.xml:28:15-52
meta-data#android.app.default_searchable
ADDED from src\main\AndroidManifest.xml:32:2-33:47
	android:value
		ADDED from src\main\AndroidManifest.xml:33:13-44
	android:name
		ADDED from src\main\AndroidManifest.xml:32:13-58
provider#com.androidbook.search.simplesp.SimpleSuggestionProvider
ADDED from src\main\AndroidManifest.xml:35:5-37:74
	android:authorities
		ADDED from src\main\AndroidManifest.xml:36:10-100
	android:name
		ADDED from src\main\AndroidManifest.xml:35:15-55
uses-sdk
ADDED from src\main\AndroidManifest.xml:40:5-43
	android:targetSdkVersion
		INJECTED from src\main\AndroidManifest.xml
		INJECTED from src\main\AndroidManifest.xml
	android:minSdkVersion
		ADDED from src\main\AndroidManifest.xml:40:15-40
		INJECTED from src\main\AndroidManifest.xml
		INJECTED from src\main\AndroidManifest.xml